<?xml version="1.0" encoding="UTF-8"?>
<testsuite xmlns:xsi="http://www.w3.org/2001/XMLSchema-instance" xsi:noNamespaceSchemaLocation="https://maven.apache.org/surefire/maven-surefire-plugin/xsd/surefire-test-report-3.0.xsd" version="3.0" name="runner.TestRunner" time="80.715" tests="2" errors="0" skipped="0" failures="0">
  <properties>
[...]
</properties>
  <testcase name="Sign-Up page title" classname="SignUp page feature" time="30.061">
    <system-out><![CDATA[
Scenario: Sign-Up page title                                                 # Features/SignUpPage.feature:6
C:\MoneyGaming\report\Tue Mar 23 08_48_04 GMT 2021//Report.html
0
  Given user is on Sign-Up page                                              # StepDefinitions.SignUpPageStepDefination.user_is_on_sign_up_page()
  When user gets the title of the page                                       # StepDefinitions.SignUpPageStepDefination.user_gets_the_title_of_the_page()
  Then page title should be "Play Online Casino Games Now | MoneyGaming.com" # StepDefinitions.SignUpPageStepDefination.page_title_should_be(java.lang.String)
]]></system-out>
    <system-err><![CDATA[Starting ChromeDriver 89.0.4389.23 (61b08ee2c50024bab004e48d2b1b083cdbdac579-refs/branch-heads/4389@{#294}) on port 26468
Only local connections are allowed.
Please see https://chromedriver.chromium.org/security-considerations for suggestions on keeping ChromeDriver safe.
ChromeDriver was started successfully.
Mar 23, 2021 8:48:08 AM org.openqa.selenium.remote.ProtocolHandshake createSession
INFO: Detected dialect: W3C
]]></system-err>
  </testcase>
  <testcase name="Signing-up and validating" classname="SignUp page feature" time="48.953">
    <system-out><![CDATA[
Scenario: Signing-up and validating                                                # Features/SignUpPage.feature:11
0
  Given user is on Sign-Up page                                                    # StepDefinitions.SignUpPageStepDefination.user_is_on_sign_up_page()
  And Clicks on JOIN NOW! button                                                   # StepDefinitions.SignUpPageStepDefination.clicks_on_join_now_button()
  Then user selects "Mr" from dropdown for Title field                             # StepDefinitions.SignUpPageStepDefination.user_selects_from_dropdown_for_title_field(java.lang.String)
  And user enters "firstname"  in FirstName field                                  # StepDefinitions.SignUpPageStepDefination.user_enters_in_first_name_field(java.lang.String)
  And user enters "surname" in SurName field                                       # StepDefinitions.SignUpPageStepDefination.user_enters_in_sur_name_field(java.lang.String)
  And user checks the terms and conditions                                         # StepDefinitions.SignUpPageStepDefination.user_checks_the_terms_and_conditions()
  Then user submits the form by clicking on JOIN NOW! button below                 # StepDefinitions.SignUpPageStepDefination.user_submits_the_form_by_clicking_on_join_now_button_below()
This field is required
  And message appears  "This field is required" under the date of  birth box field # StepDefinitions.SignUpPageStepDefination.message_appears_under_the_date_of_birth_box_field(java.lang.String)
]]></system-out>
    <system-err><![CDATA[Starting ChromeDriver 89.0.4389.23 (61b08ee2c50024bab004e48d2b1b083cdbdac579-refs/branch-heads/4389@{#294}) on port 29704
Only local connections are allowed.
Please see https://chromedriver.chromium.org/security-considerations for suggestions on keeping ChromeDriver safe.
ChromeDriver was started successfully.
Mar 23, 2021 8:48:35 AM org.openqa.selenium.remote.ProtocolHandshake createSession
INFO: Detected dialect: W3C
]]></system-err>
  </testcase>
</testsuite>